<?xml version="1.0" encoding="UTF-8"?>
<testsuite xmlns:xsi="http://www.w3.org/2001/XMLSchema-instance" xsi:noNamespaceSchemaLocation="https://maven.apache.org/surefire/maven-surefire-plugin/xsd/surefire-test-report-3.0.xsd" version="3.0" name="com.varun.springboot.repository.DepartmentRepositoryTest" time="1.848" tests="1" errors="0" skipped="0" failures="0">
  <properties>
[...]
</properties>
  <testcase name="whenFindById_thenReturnDepartment" classname="com.varun.springboot.repository.DepartmentRepositoryTest" time="0.336">
    <system-out><![CDATA[19:28:39.906 [main] INFO org.springframework.test.context.support.AnnotationConfigContextLoaderUtils -- Could not detect default configuration classes for test class [com.varun.springboot.repository.DepartmentRepositoryTest]: DepartmentRepositoryTest does not declare any static, non-private, non-final, nested classes annotated with @Configuration.
19:28:39.959 [main] INFO org.springframework.boot.test.context.SpringBootTestContextBootstrapper -- Found @SpringBootConfiguration com.varun.springboot.SpringbootApplication for test class com.varun.springboot.repository.DepartmentRepositoryTest

  .   ____          _            __ _ _
 /\\ / ___'_ __ _ _(_)_ __  __ _ \ \ \ \
( ( )\___ | '_ | '_| | '_ \/ _` | \ \ \ \
 \\/  ___)| |_)| | | | | || (_| |  ) ) ) )
  '  |____| .__|_| |_|_| |_\__, | / / / /
 =========|_|==============|___/=/_/_/_/
 :: Spring Boot ::                (v3.1.4)

2023-10-02T19:28:40.157+05:30  INFO 6329 --- [           main] c.v.s.r.DepartmentRepositoryTest         : Starting DepartmentRepositoryTest using Java 20.0.2 with PID 6329 (started by varunkumar in /Users/varunkumar/Desktop/springboot)
2023-10-02T19:28:40.158+05:30  INFO 6329 --- [           main] c.v.s.r.DepartmentRepositoryTest         : The following 1 profile is active: "prod"
2023-10-02T19:28:40.320+05:30  INFO 6329 --- [           main] .s.d.r.c.RepositoryConfigurationDelegate : Bootstrapping Spring Data JPA repositories in DEFAULT mode.
2023-10-02T19:28:40.346+05:30  INFO 6329 --- [           main] .s.d.r.c.RepositoryConfigurationDelegate : Finished Spring Data repository scanning in 22 ms. Found 1 JPA repository interfaces.
2023-10-02T19:28:40.370+05:30  INFO 6329 --- [           main] beddedDataSourceBeanFactoryPostProcessor : Replacing 'dataSource' DataSource bean with embedded version
2023-10-02T19:28:40.446+05:30  INFO 6329 --- [           main] o.s.j.d.e.EmbeddedDatabaseFactory        : Starting embedded database: url='jdbc:h2:mem:90e4bd5a-d3c1-4e99-b0a2-bc9c47f0299f;DB_CLOSE_DELAY=-1;DB_CLOSE_ON_EXIT=false', username='sa'
2023-10-02T19:28:40.570+05:30  INFO 6329 --- [           main] o.hibernate.jpa.internal.util.LogHelper  : HHH000204: Processing PersistenceUnitInfo [name: default]
2023-10-02T19:28:40.604+05:30  INFO 6329 --- [           main] org.hibernate.Version                    : HHH000412: Hibernate ORM core version 6.2.9.Final
2023-10-02T19:28:40.605+05:30  INFO 6329 --- [           main] org.hibernate.cfg.Environment            : HHH000406: Using bytecode reflection optimizer
2023-10-02T19:28:40.662+05:30  INFO 6329 --- [           main] o.h.b.i.BytecodeProviderInitiator        : HHH000021: Bytecode provider name : bytebuddy
2023-10-02T19:28:40.730+05:30  INFO 6329 --- [           main] o.s.o.j.p.SpringPersistenceUnitInfo      : No LoadTimeWeaver setup: ignoring JPA class transformer
2023-10-02T19:28:40.849+05:30  INFO 6329 --- [           main] o.h.b.i.BytecodeProviderInitiator        : HHH000021: Bytecode provider name : bytebuddy
2023-10-02T19:28:41.121+05:30  INFO 6329 --- [           main] o.h.e.t.j.p.i.JtaPlatformInitiator       : HHH000490: Using JtaPlatform implementation: [org.hibernate.engine.transaction.jta.platform.internal.NoJtaPlatform]
Hibernate: create table department (department_id bigint not null, department_address varchar(255), department_code varchar(255), department_name varchar(255), primary key (department_id))
Hibernate: create sequence department_seq start with 1 increment by 50
2023-10-02T19:28:41.135+05:30  INFO 6329 --- [           main] j.LocalContainerEntityManagerFactoryBean : Initialized JPA EntityManagerFactory for persistence unit 'default'
2023-10-02T19:28:41.302+05:30  INFO 6329 --- [           main] o.s.d.j.r.query.QueryEnhancerFactory     : Hibernate is in classpath; If applicable, HQL parser will be used.
2023-10-02T19:28:41.322+05:30  INFO 6329 --- [           main] c.v.s.r.DepartmentRepositoryTest         : Started DepartmentRepositoryTest in 1.333 seconds (process running for 1.744)
Hibernate: select next value for department_seq
]]></system-out>
  </testcase>
</testsuite>